<?xml version="1.0" encoding="UTF-8"?>
<testsuite xmlns:xsi="http://www.w3.org/2001/XMLSchema-instance" xsi:noNamespaceSchemaLocation="https://maven.apache.org/surefire/maven-surefire-plugin/xsd/surefire-test-report-3.0.xsd" version="3.0" name="TestSuite" time="8.683" tests="2" errors="0" skipped="0" failures="0">
  <properties>
[...]
</properties>
  <testcase name="checkQuoteTitle" classname="com.qualitrix.tests.GetQuoteTest" time="4.609"/>
  <testcase name="getQuote" classname="com.qualitrix.tests.GetQuoteTest" time="3.73"/>
</testsuite>